<?xml version="1.0" encoding="UTF-8"?>
<testng-results ignored="0" total="1" passed="1" failed="0" skipped="0">
  <reporter-output>
  </reporter-output>
  <suite started-at="2025-06-03T20:11:53 EDT" name="Default suite" finished-at="2025-06-03T20:11:58 EDT" duration-ms="5848">
    <groups>
    </groups>
    <test started-at="2025-06-03T20:11:53 EDT" name="Default test" finished-at="2025-06-03T20:11:58 EDT" duration-ms="5848">
      <class name="mousebehaviour.assignmentactions">
        <test-method signature="actionsAssigment()[pri:0, instance:mousebehaviour.assignmentactions@38c6f217]" started-at="2025-06-03T20:11:53 EDT" name="actionsAssigment" finished-at="2025-06-03T20:11:58 EDT" duration-ms="5794" status="PASS">
          <reporter-output>
          </reporter-output>
        </test-method> <!-- actionsAssigment -->
      </class> <!-- mousebehaviour.assignmentactions -->
    </test> <!-- Default test -->
  </suite> <!-- Default suite -->
</testng-results>
